Arguments: 
  C:\Program Files\nodejs\node.exe C:\Program Files (x86)\Yarn\bin\yarn.js add @types/mongoose

PATH: 
  C:\Perl\site\bin;C:\Perl\bin;C:\Users\Pig Benis the legend\AppData\Local\Programs\Python\Python35-32\Scripts\;C:\Program Files (x86)\Intel\iCLS Client\;C:\Program Files\Intel\iCLS Client\;C:\WINDOWS\system32;C:\WINDOWS;C:\WINDOWS\System32\Wbem;C:\WINDOWS\System32\WindowsPowerShell\v1.0\;C:\Program Files (x86)\Intel\Intel(R) Management Engine Components\DAL;C:\Program Files\Intel\Intel(R) Management Engine Components\DAL;C:\Program Files (x86)\Intel\Intel(R) Management Engine Components\IPT;C:\Program Files\Intel\Intel(R) Management Engine Components\IPT;C:\Users\Pig Benis the legend\.dnx\bin;C:\Program Files\Microsoft DNX\Dnvm\;C:\Program Files\Microsoft SQL Server\120\Tools\Binn\;C:\Program Files\MiKTeX 2.9\miktex\bin\x64\;C:\Users\Pig Benis the legend\AppData\Local\Programs\Python\Python35-32\;C:\Program Files\Git\cmd;C:\MinGW;C:\MinGW\bin;C:\Program Files\Microsoft SQL Server\110\Tools\Binn\;C:\Program Files (x86)\Microsoft SDKs\TypeScript\1.0\;C:\Program Files\PuTTY\;C:\Program Files\Microsoft SQL Server\130\Tools\Binn\;C:\Program Files\dotnet\;C:\Program Files\nodejs\;C:\texlive\2016\bin\win32;C:\texlive\2015\bin\win32;C:\Program Files (x86)\Yarn\bin;C:\Users\Pig Benis the legend\AppData\Local\Programs\Python\Python35-32\Scripts\;C:\Users\Pig Benis the legend\AppData\Local\Programs\Python\Python35-32\;C:\texlive\2015\bin\win32;C:\Users\Pig Benis the legend\AppData\Local\Microsoft\WindowsApps;C:\Users\Pig Benis the legend\AppData\Local\Microsoft\WindowsApps;C:\Program Files (x86)\Heroku\bin;C:\Users\Pig Benis the legend\AppData\Roaming\npm;C:\Program Files\Microsoft VS Code\bin;C:\Users\Pig Benis the legend\AppData\Local\Yarn\bin

Yarn version: 
  1.3.2

Node version: 
  9.1.0

Platform: 
  win32 x64

npm manifest: 
  {
    "name": "web",
    "version": "0.0.0",
    "license": "MIT",
    "scripts": {
      "ng": "ng",
      "start": "node server.js",
      "build": "ng build --prod",
      "test": "ng test",
      "lint": "ng lint",
      "e2e": "ng e2e",
      "debug": "node --nolazy --inspect-brk=9229 server.js",
      "prestart": "ng build --aot --prod",
      "postinstall": "ng build --prod --aot"
    },
    "private": true,
    "dependencies": {
      "@angular/animations": "^5.2.2",
      "@angular/cdk": "^5.0.4",
      "@angular/cli": "^1.6.8",
      "@angular/common": "^5.2.2",
      "@angular/compiler": "^5.2.2",
      "@angular/compiler-cli": "^5.2.2",
      "@angular/core": "^5.2.2",
      "@angular/forms": "^5.2.2",
      "@angular/http": "^5.2.2",
      "@angular/material": "^5.0.4",
      "@angular/platform-browser": "^5.2.2",
      "@angular/platform-browser-dynamic": "^5.2.2",
      "@angular/router": "^5.2.2",
      "core-js": "^2.4.1",
      "hammerjs": "^2.0.8",
      "jsonwebtoken": "^8.1.1",
      "mongoose": "^5.0.1",
      "ng2-dnd": "^5.0.2",
      "rxjs": "^5.5.2",
      "zone.js": "^0.8.14"
    },
    "devDependencies": {
      "@angular/language-service": "^5.2.2",
      "@types/jasmine": "~2.5.53",
      "@types/jasminewd2": "~2.0.2",
      "@types/node": "~6.0.60",
      "codelyzer": "^4.0.1",
      "jasmine-core": "~2.6.2",
      "jasmine-spec-reporter": "~4.1.0",
      "karma": "~1.7.0",
      "karma-chrome-launcher": "~2.1.1",
      "karma-cli": "~1.0.1",
      "karma-coverage-istanbul-reporter": "^1.4.1",
      "karma-jasmine": "~1.1.0",
      "karma-jasmine-html-reporter": "^0.2.2",
      "morgan": "^1.9.0",
      "protractor": "~5.1.2",
      "ts-node": "~3.2.0",
      "tslint": "~5.7.0",
      "typescript": "~2.4.2"
    }
  }

yarn manifest: 
  No manifest

Lockfile: 
  No lockfile

Trace: 
  Error: EPERM: operation not permitted, unlink 'C:\Users\Pig Benis the legend\Desktop\dongerhub\node_modules\@angular\material\core\typings\style\apply-transform.d.ts'
